TN:
SF:script/DeploySonicStaking.sol
FN:11,DeploySonicStaking.run
FNDA:0,DeploySonicStaking.run
DA:18,0
DA:19,0
DA:20,0
DA:22,0
DA:26,0
DA:27,0
DA:28,0
DA:29,0
DA:30,0
DA:31,0
DA:33,0
FNF:1
FNH:0
LF:11
LH:0
BRF:0
BRH:0
end_of_record
TN:
SF:src/SonicStaking.sol
FN:148,SonicStaking.initialize
FNDA:57,SonicStaking.initialize
DA:149,57
DA:151,57
DA:152,57
DA:153,57
DA:154,57
DA:156,57
DA:158,57
DA:160,57
DA:161,57
DA:162,57
FN:172,SonicStaking.withValidWithdrawId
FNDA:16,SonicStaking.withValidWithdrawId
DA:174,16
DA:175,16
DA:176,16
DA:177,16
BRDA:177,0,0,-
BRDA:177,0,1,2
DA:178,14
BRDA:178,1,0,-
BRDA:178,1,1,2
DA:179,12
BRDA:179,2,0,-
BRDA:179,2,1,2
DA:181,11
BRDA:181,3,0,-
BRDA:181,3,1,2
FN:196,SonicStaking.totalAssets
FNDA:26,SonicStaking.totalAssets
DA:197,169
DA:198,169
FN:203,SonicStaking.getRate
FNDA:22,SonicStaking.getRate
DA:204,22
FN:210,SonicStaking.convertToShares
FNDA:14,SonicStaking.convertToShares
DA:215,56
DA:216,56
DA:218,52
BRDA:218,4,0,52
FN:226,SonicStaking.convertToAssets
FNDA:16,SonicStaking.convertToAssets
DA:230,87
DA:231,87
DA:232,10
BRDA:232,5,0,10
DA:233,10
FN:247,SonicStaking.getUserWithdraws
FNDA:8,SonicStaking.getUserWithdraws
DA:249,8
BRDA:249,6,0,-
BRDA:249,6,1,8
DA:251,8
BRDA:251,7,0,-
BRDA:251,7,1,8
DA:253,8
DA:254,8
DA:256,8
DA:257,8
DA:258,20
DA:259,10
BRDA:259,8,0,10
BRDA:257,8,1,10
DA:260,10
DA:266,10
DA:268,8
FN:268,SonicStaking.getWithdrawRequest
FNDA:17,SonicStaking.getWithdrawRequest
DA:269,17
FN:277,SonicStaking.deposit
FNDA:42,SonicStaking.deposit
DA:277,42
DA:278,42
BRDA:278,9,0,-
BRDA:278,9,1,42
DA:281,42
BRDA:281,10,0,-
BRDA:281,10,1,42
DA:285,42
DA:288,42
DA:289,42
DA:293,42
FN:308,SonicStaking.undelegate
FNDA:33,SonicStaking.undelegate
DA:309,47
BRDA:309,11,0,-
BRDA:309,11,1,47
BRDA:309,12,0,-
BRDA:309,12,1,47
DA:310,47
DA:311,47
DA:313,47
BRDA:313,13,0,2
BRDA:313,13,1,45
DA:314,45
DA:315,45
DA:318,45
DA:320,45
FN:336,SonicStaking.undelegateMany
FNDA:6,SonicStaking.undelegateMany
DA:337,6
BRDA:337,14,0,-
BRDA:337,14,1,6
DA:338,6
DA:339,6
DA:340,20
DA:341,14
FN:349,SonicStaking.undelegateFromPool
FNDA:2,SonicStaking.undelegateFromPool
DA:350,2
BRDA:350,15,0,-
BRDA:350,15,1,2
DA:355,2
DA:356,2
BRDA:356,16,0,-
BRDA:356,16,1,2
DA:357,2
DA:359,2
DA:362,2
FN:371,SonicStaking.withdraw
FNDA:12,SonicStaking.withdraw
DA:374,10
BRDA:374,17,0,-
BRDA:374,17,1,10
DA:377,10
DA:378,10
DA:379,10
BRDA:379,18,0,-
BRDA:379,18,1,7
DA:381,0
DA:382,10
DA:384,10
DA:388,10
BRDA:388,19,0,-
BRDA:388,19,1,10
DA:391,10
BRDA:391,20,0,9
DA:399,9
BRDA:399,21,0,2
BRDA:399,21,1,7
DA:402,8
BRDA:402,22,0,-
BRDA:402,22,1,8
DA:403,8
DA:404,8
FN:411,SonicStaking.withdrawMany
FNDA:2,SonicStaking.withdrawMany
DA:414,2
DA:415,6
DA:416,4
DA:419,4
FN:423,SonicStaking.delegate
FNDA:51,SonicStaking.delegate
DA:424,50
BRDA:424,23,0,1
BRDA:424,23,1,49
DA:426,49
BRDA:426,24,0,1
BRDA:426,24,1,48
DA:433,48
DA:436,48
DA:437,48
FN:442,SonicStaking.operatorUndelegateToPool
FNDA:6,SonicStaking.operatorUndelegateToPool
DA:449,5
BRDA:449,25,0,1
BRDA:449,25,1,4
DA:453,4
DA:454,4
BRDA:454,26,0,1
BRDA:454,26,1,3
DA:455,3
BRDA:455,27,0,1
BRDA:455,27,1,2
DA:457,2
DA:460,2
DA:462,2
DA:464,2
FN:473,SonicStaking.operatorWithdrawToPool
FNDA:3,SonicStaking.operatorWithdrawToPool
DA:477,2
DA:481,2
DA:482,2
DA:487,2
DA:488,2
DA:490,2
BRDA:490,28,0,1
DA:498,1
BRDA:498,29,0,-
BRDA:498,29,1,1
DA:502,2
DA:504,2
FN:510,SonicStaking.pause
FNDA:2,SonicStaking.pause
DA:512,1
DA:513,1
FN:518,SonicStaking.setWithdrawDelay
FNDA:4,SonicStaking.setWithdrawDelay
DA:519,3
FN:523,SonicStaking.setUndelegatePaused
FNDA:8,SonicStaking.setUndelegatePaused
DA:525,7
FN:536,SonicStaking.setWithdrawPaused
FNDA:6,SonicStaking.setWithdrawPaused
DA:538,5
FN:544,SonicStaking.setDepositPaused
FNDA:2,SonicStaking.setDepositPaused
DA:545,1
FN:552,SonicStaking.setTreasury
FNDA:6,SonicStaking.setTreasury
DA:553,5
BRDA:553,30,0,2
BRDA:553,30,1,3
DA:555,3
FN:561,SonicStaking.setProtocolFeeBIPS
FNDA:6,SonicStaking.setProtocolFeeBIPS
DA:563,5
BRDA:563,31,0,2
BRDA:563,31,1,3
DA:565,3
FN:572,SonicStaking.claimRewards
FNDA:7,SonicStaking.claimRewards
DA:575,6
DA:579,6
DA:580,6
DA:581,6
DA:582,6
BRDA:582,32,0,6
DA:584,6
DA:588,6
DA:589,6
BRDA:589,33,0,6
DA:590,6
DA:591,6
DA:592,6
DA:594,6
BRDA:594,34,0,-
BRDA:594,34,1,6
DA:595,6
FN:598,SonicStaking._createAndStoreWithdrawRequest
FNDA:49,SonicStaking._createAndStoreWithdrawRequest
DA:604,49
DA:605,49
DA:606,49
DA:608,49
DA:609,49
DA:612,49
DA:620,49
FN:622,SonicStaking._now
FNDA:65,SonicStaking._now
DA:624,65
FN:629,SonicStaking._incrementWithdrawCounter
FNDA:49,SonicStaking._incrementWithdrawCounter
DA:631,49
DA:632,49
FN:633,SonicStaking._setUndelegatePaused
FNDA:8,SonicStaking._setUndelegatePaused
DA:635,8
BRDA:635,35,0,4
BRDA:635,35,1,4
DA:636,4
FN:640,SonicStaking._setWithdrawPaused
FNDA:6,SonicStaking._setWithdrawPaused
DA:641,6
BRDA:641,36,0,2
BRDA:641,36,1,4
DA:645,4
FN:645,SonicStaking._setDepositPaused
FNDA:2,SonicStaking._setDepositPaused
DA:647,2
BRDA:647,37,0,-
BRDA:647,37,1,2
DA:648,2
DA:650,2
FN:653,SonicStaking._authorizeUpgrade
FNDA:1,SonicStaking._authorizeUpgrade
FN:657,SonicStaking.
FNDA:0,SonicStaking.
FNF:33
FNH:32
LF:144
LH:143
BRF:70
BRH:50
end_of_record
TN:
SF:src/mock/SFCMock.sol
FN:66,SFCMock.currentEpoch
FNDA:0,SFCMock.currentEpoch
DA:68,0
FN:68,SFCMock.setCurrentEpoch
FNDA:0,SFCMock.setCurrentEpoch
DA:72,0
FN:72,SFCMock.addStake
FNDA:0,SFCMock.addStake
DA:76,31
FN:76,SFCMock.setPendingRewards
FNDA:7,SFCMock.setPendingRewards
DA:80,7
BRDA:80,0,0,-
BRDA:80,0,1,7
FN:81,SFCMock.pendingRewards
FNDA:9,SFCMock.pendingRewards
DA:85,9
FN:85,SFCMock.delegate
FNDA:31,SFCMock.delegate
DA:87,31
FN:89,SFCMock.claimRewards
FNDA:6,SFCMock.claimRewards
DA:90,6
DA:93,6
DA:94,6
FN:95,SFCMock.undelegate
FNDA:29,SFCMock.undelegate
DA:99,29
FN:100,SFCMock.withdraw
FNDA:12,SFCMock.withdraw
DA:101,12
DA:104,12
DA:105,12
DA:108,12
FN:109,SFCMock.getSlashingPenalty
FNDA:12,SFCMock.getSlashingPenalty
DA:114,12
DA:115,8
BRDA:115,1,0,8
DA:119,4
DA:122,4
BRDA:122,2,0,-
DA:123,0
FN:123,SFCMock.setCheater
FNDA:3,SFCMock.setCheater
DA:125,3
FN:129,SFCMock.setSlashRefundRatio
FNDA:3,SFCMock.setSlashRefundRatio
DA:131,3
FNF:12
FNH:9
LF:21
LH:18
BRF:4
BRH:2
end_of_record
TN:
SF:test/SonicStakingTestSetup.sol
FN:27,SonicStakingTestSetup.setUp
FNDA:57,SonicStakingTestSetup.setUp
DA:30,57
DA:31,57
DA:34,57
DA:35,57
DA:36,57
DA:37,57
DA:38,57
DA:40,57
DA:44,57
DA:45,57
DA:46,57
DA:47,57
DA:48,57
FN:49,SonicStakingTestSetup.setSFCAddress
FNDA:0,SonicStakingTestSetup.setSFCAddress
DA:52,24
FN:53,SonicStakingTestSetup.makeDepositFromSpecifcUser
FNDA:0,SonicStakingTestSetup.makeDepositFromSpecifcUser
DA:56,3
DA:57,3
FN:58,SonicStakingTestSetup.makeDeposit
FNDA:0,SonicStakingTestSetup.makeDeposit
DA:62,39
DA:63,39
DA:65,39
FN:66,SonicStakingTestSetup.delegate
FNDA:0,SonicStakingTestSetup.delegate
DA:70,50
FN:71,SonicStakingTestSetup.getAmounts
FNDA:0,SonicStakingTestSetup.getAmounts
DA:78,0
DA:80,0
DA:81,0
DA:82,0
FNF:6
FNH:1
LF:24
LH:20
BRF:0
BRH:0
end_of_record
