TN:
SF:script/DeploySonicStaking.sol
FN:11,DeploySonicStaking.run
FNDA:0,DeploySonicStaking.run
DA:19,0
DA:20,0
DA:21,0
DA:23,0
DA:27,0
DA:28,0
DA:29,0
DA:30,0
DA:31,0
DA:32,0
DA:34,0
FNF:1
FNH:0
LF:11
LH:0
BRF:0
BRH:0
end_of_record
TN:
SF:src/SonicStaking.sol
FN:161,SonicStaking.initialize
FNDA:89,SonicStaking.initialize
DA:162,89
DA:164,89
DA:165,89
DA:166,89
DA:167,89
DA:169,89
DA:170,89
DA:171,89
DA:172,89
DA:175,89
DA:176,89
FN:185,SonicStaking.withValidWithdrawId
FNDA:4,SonicStaking.withValidWithdrawId
DA:187,4
DA:189,4
DA:191,4
BRDA:191,0,0,1
BRDA:191,0,1,15
DA:192,4
BRDA:192,1,0,1
BRDA:192,1,1,14
DA:193,4
BRDA:193,2,0,1
BRDA:193,2,1,13
DA:195,4
BRDA:195,3,0,1
BRDA:195,3,1,12
FN:196,SonicStaking.enforceInvariant
FNDA:16,SonicStaking.enforceInvariant
DA:197,16
FN:198,SonicStaking.enforceInvariantGrowth
FNDA:7,SonicStaking.enforceInvariantGrowth
DA:199,7
DA:202,7
DA:203,7
DA:204,7
BRDA:204,4,0,-
BRDA:204,4,1,8
FN:224,SonicStaking.totalAssets
FNDA:26,SonicStaking.totalAssets
DA:228,684
FN:236,SonicStaking.getRate
FNDA:34,SonicStaking.getRate
DA:239,481
DA:240,481
FN:243,SonicStaking.convertToShares
FNDA:29,SonicStaking.convertToShares
DA:247,89
DA:248,89
DA:249,89
BRDA:249,5,0,73
DA:251,16
FN:256,SonicStaking.convertToAssets
FNDA:28,SonicStaking.convertToAssets
DA:260,569
DA:263,569
DA:264,457
BRDA:264,6,0,112
DA:266,457
FN:280,SonicStaking.getUserWithdraws
FNDA:12,SonicStaking.getUserWithdraws
DA:281,12
BRDA:281,7,0,2
BRDA:281,7,1,10
DA:282,10
BRDA:282,8,0,2
BRDA:282,8,1,8
DA:284,8
DA:285,8
DA:286,8
DA:287,8
DA:289,8
DA:290,28
BRDA:290,9,0,10
BRDA:290,9,1,10
DA:293,10
DA:299,10
DA:301,8
FN:301,SonicStaking.getWithdrawRequest
FNDA:19,SonicStaking.getWithdrawRequest
DA:302,19
FN:307,SonicStaking.deposit
FNDA:64,SonicStaking.deposit
DA:310,64
BRDA:310,10,0,2
BRDA:310,10,1,62
DA:311,62
BRDA:311,11,0,2
BRDA:311,11,1,60
DA:316,60
DA:321,60
DA:325,60
DA:326,60
FN:338,SonicStaking.undelegate
FNDA:40,SonicStaking.undelegate
DA:342,60
BRDA:342,12,0,2
BRDA:342,12,1,58
DA:343,58
BRDA:343,13,0,2
BRDA:343,13,1,56
DA:344,56
DA:346,56
DA:347,56
DA:349,56
BRDA:349,14,0,2
BRDA:349,14,1,54
DA:352,54
DA:353,54
DA:355,54
DA:356,54
FN:373,SonicStaking.undelegateMany
FNDA:10,SonicStaking.undelegateMany
DA:375,10
BRDA:375,15,0,2
BRDA:375,15,1,8
DA:376,8
DA:377,8
DA:379,20
FN:387,SonicStaking.undelegateFromPool
FNDA:6,SonicStaking.undelegateFromPool
DA:388,6
BRDA:388,16,0,2
BRDA:388,16,1,4
DA:394,4
BRDA:394,17,0,2
BRDA:394,17,1,2
DA:395,2
DA:397,2
DA:398,2
DA:400,2
FN:407,SonicStaking.withdraw
FNDA:12,SonicStaking.withdraw
DA:415,12
BRDA:415,18,0,1
BRDA:415,18,1,11
DA:416,11
DA:417,11
BRDA:417,19,0,2
BRDA:417,19,1,9
DA:418,9
DA:419,9
DA:420,9
DA:422,0
BRDA:422,20,0,-
BRDA:420,20,1,7
DA:423,0
DA:425,9
DA:426,9
DA:428,9
DA:432,9
BRDA:432,21,0,-
BRDA:432,21,1,9
DA:436,9
BRDA:436,22,0,8
DA:444,8
BRDA:444,23,0,1
BRDA:444,23,1,7
DA:445,8
DA:447,8
DA:448,8
BRDA:448,24,0,-
BRDA:448,24,1,8
DA:449,8
FN:457,SonicStaking.withdrawMany
FNDA:2,SonicStaking.withdrawMany
DA:459,2
DA:461,4
FN:468,SonicStaking.delegate
FNDA:64,SonicStaking.delegate
DA:471,63
BRDA:471,25,0,2
BRDA:471,25,1,61
DA:475,61
BRDA:475,26,0,2
BRDA:475,26,1,59
DA:482,59
DA:483,59
FN:493,SonicStaking.operatorClawBackUndelegate
FNDA:13,SonicStaking.operatorClawBackUndelegate
DA:504,12
BRDA:504,27,0,2
BRDA:504,27,1,10
DA:505,10
BRDA:505,28,0,2
BRDA:505,28,1,8
DA:506,8
BRDA:506,29,0,2
BRDA:506,29,1,6
DA:508,6
DA:511,6
DA:519,6
DA:520,6
FN:530,SonicStaking.operatorClawBackWithdraw
FNDA:5,SonicStaking.operatorClawBackWithdraw
DA:536,4
DA:537,4
BRDA:537,30,0,1
BRDA:537,30,1,3
DA:538,3
DA:539,3
DA:540,3
DA:548,3
DA:554,3
DA:560,3
BRDA:560,31,0,2
DA:565,2
DA:567,2
FN:572,SonicStaking.donate
FNDA:12,SonicStaking.donate
DA:573,10
BRDA:573,32,0,2
BRDA:573,32,1,8
DA:575,8
FN:584,SonicStaking.pause
FNDA:5,SonicStaking.pause
DA:586,2
DA:587,2
FN:593,SonicStaking.setWithdrawDelay
FNDA:3,SonicStaking.setWithdrawDelay
DA:598,2
FN:600,SonicStaking.setUndelegatePaused
FNDA:9,SonicStaking.setUndelegatePaused
DA:603,6
FN:614,SonicStaking.setWithdrawPaused
FNDA:8,SonicStaking.setWithdrawPaused
DA:617,5
FN:621,SonicStaking.setDepositPaused
FNDA:9,SonicStaking.setDepositPaused
DA:624,6
FN:627,SonicStaking.setTreasury
FNDA:7,SonicStaking.setTreasury
DA:632,4
BRDA:632,33,0,2
BRDA:632,33,1,2
DA:634,2
FN:639,SonicStaking.setProtocolFeeBIPS
FNDA:7,SonicStaking.setProtocolFeeBIPS
DA:642,4
BRDA:642,34,0,2
BRDA:642,34,1,2
DA:643,2
FN:650,SonicStaking.claimRewards
FNDA:8,SonicStaking.claimRewards
DA:656,7
DA:658,7
DA:660,7
DA:661,7
BRDA:661,35,0,6
DA:663,7
DA:666,7
DA:667,7
DA:668,7
BRDA:668,36,0,6
DA:671,6
DA:673,6
DA:674,6
BRDA:674,37,0,-
BRDA:674,37,1,6
DA:678,7
DA:679,7
FN:682,SonicStaking._createAndPersistWithdrawRequest
FNDA:62,SonicStaking._createAndPersistWithdrawRequest
DA:687,62
DA:689,62
DA:690,62
DA:692,62
DA:693,62
DA:696,62
DA:699,62
DA:705,62
FN:706,SonicStaking._now
FNDA:81,SonicStaking._now
DA:706,81
FN:712,SonicStaking._incrementWithdrawCounter
FNDA:62,SonicStaking._incrementWithdrawCounter
DA:715,62
DA:716,62
FN:717,SonicStaking._setUndelegatePaused
FNDA:8,SonicStaking._setUndelegatePaused
DA:718,8
BRDA:718,38,0,2
BRDA:718,38,1,6
DA:721,6
FN:722,SonicStaking._setWithdrawPaused
FNDA:7,SonicStaking._setWithdrawPaused
DA:723,7
BRDA:723,39,0,2
BRDA:723,39,1,5
DA:727,5
DA:729,5
FN:731,SonicStaking._setDepositPaused
FNDA:8,SonicStaking._setDepositPaused
DA:731,8
BRDA:731,40,0,2
BRDA:731,40,1,6
DA:733,6
FN:736,SonicStaking._enforceInvariant
FNDA:191,SonicStaking._enforceInvariant
DA:739,191
DA:746,191
BRDA:746,41,0,1
BRDA:746,41,1,190
FN:747,SonicStaking._authorizeUpgrade
FNDA:1,SonicStaking._authorizeUpgrade
FN:753,SonicStaking.
FNDA:0,SonicStaking.
FNF:37
FNH:36
LF:157
LH:155
BRF:78
BRH:73
end_of_record
TN:
SF:src/mock/SFCMock.sol
FN:66,SFCMock.currentEpoch
FNDA:0,SFCMock.currentEpoch
DA:68,0
FN:68,SFCMock.setCurrentEpoch
FNDA:0,SFCMock.setCurrentEpoch
DA:72,0
FN:72,SFCMock.addStake
FNDA:0,SFCMock.addStake
DA:76,40
FN:76,SFCMock.setPendingRewards
FNDA:7,SFCMock.setPendingRewards
DA:80,7
BRDA:80,0,0,-
BRDA:80,0,1,7
FN:81,SFCMock.pendingRewards
FNDA:10,SFCMock.pendingRewards
DA:85,10
FN:85,SFCMock.delegate
FNDA:40,SFCMock.delegate
DA:87,40
FN:89,SFCMock.claimRewards
FNDA:6,SFCMock.claimRewards
DA:90,6
DA:93,6
DA:94,6
FN:95,SFCMock.undelegate
FNDA:38,SFCMock.undelegate
DA:99,38
FN:100,SFCMock.withdraw
FNDA:12,SFCMock.withdraw
DA:101,12
DA:104,12
DA:105,12
DA:108,12
FN:109,SFCMock.getSlashingPenalty
FNDA:12,SFCMock.getSlashingPenalty
DA:114,12
DA:115,8
BRDA:115,1,0,8
DA:119,4
DA:122,4
BRDA:122,2,0,-
DA:123,0
FN:123,SFCMock.setCheater
FNDA:3,SFCMock.setCheater
DA:125,3
FN:129,SFCMock.setSlashRefundRatio
FNDA:3,SFCMock.setSlashRefundRatio
DA:131,3
FNF:12
FNH:9
LF:21
LH:18
BRF:4
BRH:2
end_of_record
TN:
SF:test/SonicStakingTestSetup.sol
FN:28,SonicStakingTestSetup.setUp
FNDA:89,SonicStakingTestSetup.setUp
DA:31,89
DA:32,89
DA:35,89
DA:36,89
DA:37,89
DA:38,89
DA:39,89
DA:42,89
DA:46,89
DA:47,89
DA:48,89
DA:49,89
DA:50,89
FN:51,SonicStakingTestSetup.setSFCAddress
FNDA:0,SonicStakingTestSetup.setSFCAddress
DA:54,35
FN:55,SonicStakingTestSetup.makeDepositFromSpecifcUser
FNDA:0,SonicStakingTestSetup.makeDepositFromSpecifcUser
DA:58,4
DA:59,4
FN:60,SonicStakingTestSetup.makeDeposit
FNDA:0,SonicStakingTestSetup.makeDeposit
DA:64,56
DA:65,56
DA:67,56
FN:68,SonicStakingTestSetup.delegate
FNDA:0,SonicStakingTestSetup.delegate
DA:72,61
FN:73,SonicStakingTestSetup.donate
FNDA:0,SonicStakingTestSetup.donate
DA:74,6
DA:77,6
DA:78,6
FN:79,SonicStakingTestSetup.getAmounts
FNDA:0,SonicStakingTestSetup.getAmounts
DA:87,0
DA:89,0
DA:90,0
DA:91,0
FNF:7
FNH:1
LF:27
LH:23
BRF:0
BRH:0
end_of_record
